0000000000
0101010101
0202020202
0303030303
0404040404
0505050505
0606060606
0707070707
0808080808
0909090909
1010101010
1111111111
1212121212
1313131313
1414141414
1515151515
1616161616
1717171717
1818181818
1919191919
2020202020
2121212121
2222222222
2323232323
2424242424
2525252525
2626262626
2727272727
2828282828
2929292929
3030303030
3131313131
3232323232
3333333333
3434343434
3535353535
3636363636
3737373737
3838383838
3939393939
4040404040
4141414141
4242424242
4343434343
4444444444
4545454545
4646464646
4747474747
4848484848
4949494949
5050505050
5151515151
5252525252
5353535353
5454545454
5555555555
5656565656
5757575757
5858585858
5959595959
6060606060
6161616161
6262626262
6363636363
6464646464
6565656565
6666666666
6767676767
6868686868
6969696969
7070707070
7171717171
7272727272
7373737373
7474747474
7575757575
7676767676
7777777777
7878787878
7979797979
8080808080
8181818181
8282828282
8383838383
8484848484
8585858585
8686868686
8787878787
8888888888
8989898989
9090909090
9191919191
9292929292
9393939393
9494949494
9595959595
9696969696
9797979797
9898989898
9999999999
